<?xml version="1.0" encoding="UTF-8"?>
<!-- Generated by org.testng.reporters.JUnitXMLReporter -->
<testsuite ignored="0" hostname="panwarManish" failures="0" tests="4" name="Test" time="10.51" errors="0" timestamp="2024-12-16T11:40:51 IST">
  <testcase classname="api.testcases.UserTest" name="testCreateUser" time="3.519"/>
  <testcase classname="api.testcases.UserTest" name="testGetUserData" time="1.49"/>
  <testcase classname="api.testcases.UserTest" name="testUpdateUser" time="2.966"/>
  <testcase classname="api.testcases.UserTest" name="testDeleteUser" time="1.4"/>
</testsuite> <!-- Test -->
