<?xml version="1.0" encoding="UTF-8"?>
<!-- Generated by org.testng.reporters.JUnitXMLReporter -->
<testsuite ignored="0" hostname="panwarManish" failures="0" tests="4" name="Test" time="11.574" errors="0" timestamp="2024-12-16T11:54:32 IST">
  <testcase classname="api.testcases.UserTest" name="testCreateUser" time="4.719"/>
  <testcase classname="api.testcases.UserTest" name="testGetUserData" time="1.52"/>
  <testcase classname="api.testcases.UserTest" name="testUpdateUser" time="2.862"/>
  <testcase classname="api.testcases.UserTest" name="testDeleteUser" time="1.441"/>
</testsuite> <!-- Test -->
