<?xml version="1.0" encoding="UTF-8"?>
<testng-results ignored="0" total="4" passed="4" failed="0" skipped="0">
  <reporter-output>
  </reporter-output>
  <suite started-at="2024-12-16T11:40:40 IST" name="Suite" finished-at="2024-12-16T11:40:51 IST" duration-ms="10510">
    <groups>
    </groups>
    <test started-at="2024-12-16T11:40:40 IST" name="Test" finished-at="2024-12-16T11:40:51 IST" duration-ms="10510">
      <class name="api.testcases.UserTest">
        <test-method is-config="true" signature="generateTestData()[pri:0, instance:api.testcases.UserTest@409bf450]" started-at="2024-12-16T11:40:41 IST" name="generateTestData" finished-at="2024-12-16T11:40:41 IST" duration-ms="756" status="PASS">
          <reporter-output>
          </reporter-output>
        </test-method> <!-- generateTestData -->
        <test-method signature="testCreateUser()[pri:1, instance:api.testcases.UserTest@409bf450]" started-at="2024-12-16T11:40:41 IST" name="testCreateUser" finished-at="2024-12-16T11:40:45 IST" duration-ms="3519" status="PASS">
          <reporter-output>
          </reporter-output>
        </test-method> <!-- testCreateUser -->
        <test-method signature="testGetUserData()[pri:2, instance:api.testcases.UserTest@409bf450]" started-at="2024-12-16T11:40:45 IST" name="testGetUserData" finished-at="2024-12-16T11:40:46 IST" duration-ms="1490" status="PASS">
          <reporter-output>
          </reporter-output>
        </test-method> <!-- testGetUserData -->
        <test-method signature="testUpdateUser()[pri:3, instance:api.testcases.UserTest@409bf450]" started-at="2024-12-16T11:40:46 IST" name="testUpdateUser" finished-at="2024-12-16T11:40:49 IST" duration-ms="2966" status="PASS">
          <reporter-output>
          </reporter-output>
        </test-method> <!-- testUpdateUser -->
        <test-method signature="testDeleteUser()[pri:4, instance:api.testcases.UserTest@409bf450]" started-at="2024-12-16T11:40:49 IST" name="testDeleteUser" finished-at="2024-12-16T11:40:51 IST" duration-ms="1400" status="PASS">
          <reporter-output>
          </reporter-output>
        </test-method> <!-- testDeleteUser -->
      </class> <!-- api.testcases.UserTest -->
    </test> <!-- Test -->
  </suite> <!-- Suite -->
</testng-results>
